2024-05-12 19:43:11
FILE: /Users/mello/Sites/wordpress/wp-content/plugins/space-kuwait-star-woocommerce/src/KuwaitStarApi.php
METHOD: Sz4h\KuwaitStar\KuwaitStarApi::login
LINE: 66
ERROR: Client error: `POST https://4codez.com/rest/V1/integration/customer/token` resulted in a `401 Unauthorized` response:
{"message":"The account sign-in was incorrect or your account is disabled temporarily. Please wait and try again later." (truncated...)


==========================
2024-05-12 19:43:11
FILE: /Users/mello/Sites/wordpress/wp-content/plugins/space-kuwait-star-woocommerce/src/KuwaitStarApi.php
METHOD: Sz4h\KuwaitStar\KuwaitStarApi::request
LINE: 102
ERROR: Error in retrieving token

==========================
2024-05-12 19:43:12
FILE: /Users/mello/Sites/wordpress/wp-content/plugins/space-kuwait-star-woocommerce/src/KuwaitStarApi.php
METHOD: Sz4h\KuwaitStar\KuwaitStarApi::login
LINE: 66
ERROR: Client error: `POST https://4codez.com/rest/V1/integration/customer/token` resulted in a `401 Unauthorized` response:
{"message":"The account sign-in was incorrect or your account is disabled temporarily. Please wait and try again later." (truncated...)


==========================
2024-05-12 19:43:16
FILE: /Users/mello/Sites/wordpress/wp-content/plugins/space-kuwait-star-woocommerce/src/KuwaitStarApi.php
METHOD: Sz4h\KuwaitStar\KuwaitStarApi::login
LINE: 66
ERROR: Client error: `POST https://4codez.com/rest/V1/integration/customer/token` resulted in a `401 Unauthorized` response:
{"message":"The account sign-in was incorrect or your account is disabled temporarily. Please wait and try again later." (truncated...)


==========================
2024-05-12 19:43:16
FILE: /Users/mello/Sites/wordpress/wp-content/plugins/space-kuwait-star-woocommerce/src/KuwaitStarApi.php
METHOD: Sz4h\KuwaitStar\KuwaitStarApi::request
LINE: 102
ERROR: Error in retrieving token

==========================
2024-05-12 19:43:17
FILE: /Users/mello/Sites/wordpress/wp-content/plugins/space-kuwait-star-woocommerce/src/KuwaitStarApi.php
METHOD: Sz4h\KuwaitStar\KuwaitStarApi::login
LINE: 66
ERROR: Client error: `POST https://4codez.com/rest/V1/integration/customer/token` resulted in a `401 Unauthorized` response:
{"message":"The account sign-in was incorrect or your account is disabled temporarily. Please wait and try again later." (truncated...)


==========================
2024-05-12 19:43:17
FILE: /Users/mello/Sites/wordpress/wp-content/plugins/space-kuwait-star-woocommerce/src/KuwaitStarApi.php
METHOD: Sz4h\KuwaitStar\KuwaitStarApi::request
LINE: 102
ERROR: Error in retrieving token

==========================
2024-05-12 19:43:20
FILE: /Users/mello/Sites/wordpress/wp-content/plugins/space-kuwait-star-woocommerce/src/KuwaitStarApi.php
METHOD: Sz4h\KuwaitStar\KuwaitStarApi::login
LINE: 66
ERROR: Client error: `POST https://4codez.com/rest/V1/integration/customer/token` resulted in a `401 Unauthorized` response:
{"message":"The account sign-in was incorrect or your account is disabled temporarily. Please wait and try again later." (truncated...)


==========================
2024-05-12 19:43:20
FILE: /Users/mello/Sites/wordpress/wp-content/plugins/space-kuwait-star-woocommerce/src/KuwaitStarApi.php
METHOD: Sz4h\KuwaitStar\KuwaitStarApi::request
LINE: 102
ERROR: Error in retrieving token

==========================
2024-05-12 19:43:23
FILE: /Users/mello/Sites/wordpress/wp-content/plugins/space-kuwait-star-woocommerce/src/KuwaitStarApi.php
METHOD: Sz4h\KuwaitStar\KuwaitStarApi::request
LINE: 98
ERROR: SUCCESS: rest/en/V1/Customer/me/wallet

==========================
2024-05-12 19:45:21
FILE: /Users/mello/Sites/wordpress/wp-content/plugins/space-kuwait-star-woocommerce/src/KuwaitStarApi.php
METHOD: Sz4h\KuwaitStar\KuwaitStarApi::login
LINE: 66
ERROR: Client error: `POST https://4codez.com/rest/V1/integration/customer/token` resulted in a `401 Unauthorized` response:
{"message":"The account sign-in was incorrect or your account is disabled temporarily. Please wait and try again later." (truncated...)


==========================
2024-05-12 19:45:21
FILE: /Users/mello/Sites/wordpress/wp-content/plugins/space-kuwait-star-woocommerce/src/KuwaitStarApi.php
METHOD: Sz4h\KuwaitStar\KuwaitStarApi::request
LINE: 102
ERROR: Error in retrieving token

==========================
2024-05-12 19:45:23
FILE: /Users/mello/Sites/wordpress/wp-content/plugins/space-kuwait-star-woocommerce/src/KuwaitStarApi.php
METHOD: Sz4h\KuwaitStar\KuwaitStarApi::login
LINE: 66
ERROR: Client error: `POST https://4codez.com/rest/V1/integration/customer/token` resulted in a `401 Unauthorized` response:
{"message":"The account sign-in was incorrect or your account is disabled temporarily. Please wait and try again later." (truncated...)


==========================
2024-05-12 19:45:24
FILE: /Users/mello/Sites/wordpress/wp-content/plugins/space-kuwait-star-woocommerce/src/KuwaitStarApi.php
METHOD: Sz4h\KuwaitStar\KuwaitStarApi::login
LINE: 66
ERROR: Client error: `POST https://4codez.com/rest/V1/integration/customer/token` resulted in a `401 Unauthorized` response:
{"message":"The account sign-in was incorrect or your account is disabled temporarily. Please wait and try again later." (truncated...)


==========================
2024-05-12 19:45:24
FILE: /Users/mello/Sites/wordpress/wp-content/plugins/space-kuwait-star-woocommerce/src/KuwaitStarApi.php
METHOD: Sz4h\KuwaitStar\KuwaitStarApi::request
LINE: 102
ERROR: Error in retrieving token

==========================
2024-05-12 19:45:28
FILE: /Users/mello/Sites/wordpress/wp-content/plugins/space-kuwait-star-woocommerce/src/KuwaitStarApi.php
METHOD: Sz4h\KuwaitStar\KuwaitStarApi::login
LINE: 66
ERROR: Client error: `POST https://4codez.com/rest/V1/integration/customer/token` resulted in a `401 Unauthorized` response:
{"message":"The account sign-in was incorrect or your account is disabled temporarily. Please wait and try again later." (truncated...)


==========================
2024-05-12 19:45:28
FILE: /Users/mello/Sites/wordpress/wp-content/plugins/space-kuwait-star-woocommerce/src/KuwaitStarApi.php
METHOD: Sz4h\KuwaitStar\KuwaitStarApi::request
LINE: 102
ERROR: Error in retrieving token

==========================
2024-05-12 19:45:30
FILE: /Users/mello/Sites/wordpress/wp-content/plugins/space-kuwait-star-woocommerce/src/KuwaitStarApi.php
METHOD: Sz4h\KuwaitStar\KuwaitStarApi::request
LINE: 98
ERROR: SUCCESS: rest/en/V1/Customer/me/wallet

==========================
2024-05-12 19:45:34
FILE: /Users/mello/Sites/wordpress/wp-content/plugins/space-kuwait-star-woocommerce/src/KuwaitStarApi.php
METHOD: Sz4h\KuwaitStar\KuwaitStarApi::request
LINE: 98
ERROR: SUCCESS: rest/en/V1/Customer/me/wallet

==========================
2024-05-12 19:45:54
FILE: /Users/mello/Sites/wordpress/wp-content/plugins/space-kuwait-star-woocommerce/src/KuwaitStarApi.php
METHOD: Sz4h\KuwaitStar\KuwaitStarApi::login
LINE: 66
ERROR: Client error: `POST https://4codez.com/rest/V1/integration/customer/token` resulted in a `401 Unauthorized` response:
{"message":"The account sign-in was incorrect or your account is disabled temporarily. Please wait and try again later." (truncated...)


==========================
2024-05-12 19:45:54
FILE: /Users/mello/Sites/wordpress/wp-content/plugins/space-kuwait-star-woocommerce/src/KuwaitStarApi.php
METHOD: Sz4h\KuwaitStar\KuwaitStarApi::request
LINE: 102
ERROR: Error in retrieving token

==========================
2024-05-12 19:45:55
FILE: /Users/mello/Sites/wordpress/wp-content/plugins/space-kuwait-star-woocommerce/src/KuwaitStarApi.php
METHOD: Sz4h\KuwaitStar\KuwaitStarApi::request
LINE: 98
ERROR: SUCCESS: rest/en/V1/Customer/me/wallet

==========================
2024-05-12 19:45:56
FILE: /Users/mello/Sites/wordpress/wp-content/plugins/space-kuwait-star-woocommerce/src/KuwaitStarApi.php
METHOD: Sz4h\KuwaitStar\KuwaitStarApi::login
LINE: 66
ERROR: Client error: `POST https://4codez.com/rest/V1/integration/customer/token` resulted in a `401 Unauthorized` response:
{"message":"The account sign-in was incorrect or your account is disabled temporarily. Please wait and try again later." (truncated...)


==========================
2024-05-12 19:45:57
FILE: /Users/mello/Sites/wordpress/wp-content/plugins/space-kuwait-star-woocommerce/src/KuwaitStarApi.php
METHOD: Sz4h\KuwaitStar\KuwaitStarApi::login
LINE: 66
ERROR: Client error: `POST https://4codez.com/rest/V1/integration/customer/token` resulted in a `401 Unauthorized` response:
{"message":"The account sign-in was incorrect or your account is disabled temporarily. Please wait and try again later." (truncated...)


==========================
2024-05-12 19:45:57
FILE: /Users/mello/Sites/wordpress/wp-content/plugins/space-kuwait-star-woocommerce/src/KuwaitStarApi.php
METHOD: Sz4h\KuwaitStar\KuwaitStarApi::request
LINE: 102
ERROR: Error in retrieving token

==========================
2024-05-12 19:46:01
FILE: /Users/mello/Sites/wordpress/wp-content/plugins/space-kuwait-star-woocommerce/src/KuwaitStarApi.php
METHOD: Sz4h\KuwaitStar\KuwaitStarApi::request
LINE: 98
ERROR: SUCCESS: rest/en/V1/Customer/me/wallet

==========================
2024-05-12 19:46:06
FILE: /Users/mello/Sites/wordpress/wp-content/plugins/space-kuwait-star-woocommerce/src/KuwaitStarApi.php
METHOD: Sz4h\KuwaitStar\KuwaitStarApi::request
LINE: 98
ERROR: SUCCESS: rest/en/V1/Customer/me/wallet

==========================
2024-05-12 19:57:47
FILE: /Users/mello/Sites/wordpress/wp-content/plugins/space-kuwait-star-woocommerce/src/KuwaitStarApi.php
METHOD: Sz4h\KuwaitStar\KuwaitStarApi::request
LINE: 98
ERROR: SUCCESS: rest/en/V1/product/status
Data: 
a:1:{s:12:"products_ids";s:3:"714";}
==========================
2024-05-12 19:57:53
FILE: /Users/mello/Sites/wordpress/wp-content/plugins/space-kuwait-star-woocommerce/src/KuwaitStarApi.php
METHOD: Sz4h\KuwaitStar\KuwaitStarApi::request
LINE: 98
ERROR: SUCCESS: rest/ar/V1/buynow
Data: 
a:1:{s:4:"data";a:3:{s:6:"client";a:1:{s:5:"email";s:19:"janedoe@example.com";}s:4:"cart";a:1:{i:714;a:1:{s:3:"qty";i:1;}}s:13:"paymentmethod";s:6:"wallet";}}
==========================
2024-05-12 19:57:55
FILE: /Users/mello/Sites/wordpress/wp-content/plugins/space-kuwait-star-woocommerce/src/KuwaitStarApi.php
METHOD: Sz4h\KuwaitStar\KuwaitStarApi::request
LINE: 98
ERROR: SUCCESS: rest/en/V1/order/myorder
Data: 
a:3:{s:6:"status";s:5:"39632";s:8:"pageSize";i:1;s:11:"currentPage";i:1;}
==========================
